main.obj : error LNK2001: unresolved external symbol __imp___glewEnableVertexAttribArray
main.obj : error LNK2001: unresolved external symbol __imp___glewUseProgram
main.obj : error LNK2001: unresolved external symbol __imp___glewVertexAttribPointer
main.obj : error LNK2001: unresolved external symbol SDL_GL_SwapWindow
main.obj : error LNK2001: unresolved external symbol __imp___glewGetShaderiv
main.obj : error LNK2001: unresolved external symbol __imp___glewCompileShader
main.obj : error LNK2001: unresolved external symbol __imp___glewCreateShader
main.obj : error LNK2001: unresolved external symbol __imp___glewBindBuffer
main.obj : error LNK2001: unresolved external symbol __imp___glewCreateProgram
main.obj : error LNK2001: unresolved external symbol __imp___glewGetShaderInfoLog
main.obj : error LNK2001: unresolved external symbol SDL_Init
main.obj : error LNK2001: unresolved external symbol __imp___glewUniform2f
main.obj : error LNK2001: unresolved external symbol SDL_GL_SetAttribute
main.obj : error LNK2001: unresolved external symbol __imp___glewGetUniformLocation
main.obj : error LNK2001: unresolved external symbol __imp___glewBufferData
main.obj : error LNK2001: unresolved external symbol __imp___glewAttachShader
main.obj : error LNK2001: unresolved external symbol SDL_GL_CreateContext
main.obj : error LNK2001: unresolved external symbol __imp___glewShaderSource
main.obj : error LNK2001: unresolved external symbol SDL_PollEvent
main.obj : error LNK2001: unresolved external symbol __imp_glewExperimental
main.obj : error LNK2001: unresolved external symbol SDL_CreateWindow
main.obj : error LNK2001: unresolved external symbol __imp___glewGenBuffers
main.obj : error LNK2001: unresolved external symbol __imp___glewUniform3f
main.obj : error LNK2001: unresolved external symbol __imp___glewLinkProgram
main.obj : error LNK2001: unresolved external symbol __imp___glewUniform4f
main.obj : error LNK2001: unresolved external symbol __imp_glewInit
MSVCRT.lib(exe_main.obj) : error LNK2001: unresolved external symbol main
C:\Users\welcome\Documents\GitHub\Midio\Cube\Levent_Development\graphics_examples\x64\Release\opengl_example.exe : fatal error LNK1120: 27 unresolved externals
